d:\github\flightsimulator\gfxiiframework\gfxiiframework\debug\vc120.pdb
d:\github\flightsimulator\gfxiiframework\gfxiiframework\debug\vc120.idb
d:\github\flightsimulator\gfxiiframework\gfxiiframework\debug\baseapplication.obj
d:\github\flightsimulator\gfxiiframework\gfxiiframework\debug\camera.obj
d:\github\flightsimulator\gfxiiframework\gfxiiframework\debug\gfxiiframework.obj
d:\github\flightsimulator\gfxiiframework\gfxiiframework\debug\imageio.obj
d:\github\flightsimulator\gfxiiframework\gfxiiframework\debug\objfilereader.obj
d:\github\flightsimulator\gfxiiframework\gfxiiframework\debug\oglcube.obj
d:\github\flightsimulator\gfxiiframework\gfxiiframework\debug\oglmesh.obj
d:\github\flightsimulator\gfxiiframework\gfxiiframework\debug\oglshader.obj
d:\github\flightsimulator\gfxiiframework\gfxiiframework\debug\ogltexture.obj
d:\github\flightsimulator\gfxiiframework\gfxiiframework\debug\oglwindow.obj
d:\github\flightsimulator\gfxiiframework\gfxiiframework\debug\quaternion.obj
d:\github\flightsimulator\gfxiiframework\gfxiiframework\debug\triangle.obj
d:\github\flightsimulator\gfxiiframework\gfxiiframework\debug\vector3.obj
d:\downloads\flightsimulator\flightsimulator\gfxiiframework\gfxiiframework\debug\vc120.pdb
d:\downloads\flightsimulator\flightsimulator\gfxiiframework\gfxiiframework\debug\vc120.idb
d:\downloads\flightsimulator\flightsimulator\gfxiiframework\gfxiiframework\debug\baseapplication.obj
d:\downloads\flightsimulator\flightsimulator\gfxiiframework\gfxiiframework\debug\camera.obj
d:\downloads\flightsimulator\flightsimulator\gfxiiframework\gfxiiframework\debug\gfxiiframework.obj
d:\downloads\flightsimulator\flightsimulator\gfxiiframework\gfxiiframework\debug\imageio.obj
d:\downloads\flightsimulator\flightsimulator\gfxiiframework\gfxiiframework\debug\objfilereader.obj
d:\downloads\flightsimulator\flightsimulator\gfxiiframework\gfxiiframework\debug\oglcube.obj
d:\downloads\flightsimulator\flightsimulator\gfxiiframework\gfxiiframework\debug\oglmesh.obj
d:\downloads\flightsimulator\flightsimulator\gfxiiframework\gfxiiframework\debug\oglshader.obj
d:\downloads\flightsimulator\flightsimulator\gfxiiframework\gfxiiframework\debug\ogltexture.obj
d:\downloads\flightsimulator\flightsimulator\gfxiiframework\gfxiiframework\debug\oglwindow.obj
d:\downloads\flightsimulator\flightsimulator\gfxiiframework\gfxiiframework\debug\triangle.obj
d:\downloads\flightsimulator\flightsimulator\gfxiiframework\gfxiiframework\debug\vector3.obj
d:\downloads\flightsimulator\flightsimulator\gfxiiframework\gfxiiframework\debug\input.obj
d:\downloads\flightsimulator\flightsimulator\gfxiiframework\gfxiiframework\debug\player.obj
d:\github\flightsimulator\gfxiiframework\debug\gfxiiframework.ilk
d:\github\flightsimulator\gfxiiframework\debug\gfxiiframework.exe
d:\github\flightsimulator\gfxiiframework\debug\gfxiiframework.pdb
d:\downloads\flightsimulator\flightsimulator\gfxiiframework\debug\gfxiiframework.ilk
d:\downloads\flightsimulator\flightsimulator\gfxiiframework\debug\gfxiiframework.exe
d:\downloads\flightsimulator\flightsimulator\gfxiiframework\debug\gfxiiframework.pdb
d:\github\flightsimulator\gfxiiframework\gfxiiframework\debug\gfxiiframework.res
d:\downloads\flightsimulator\flightsimulator\gfxiiframework\gfxiiframework\debug\gfxiiframework.res
d:\downloads\flightsimulator\flightsimulator\gfxiiframework\gfxiiframework\debug\quaternion.obj
d:\downloads\flightsimulator\flightsimulator\gfxiiframework\gfxiiframework\debug\gfxiiframework.tlog\cl.command.1.tlog
d:\downloads\flightsimulator\flightsimulator\gfxiiframework\gfxiiframework\debug\gfxiiframework.tlog\cl.read.1.tlog
d:\downloads\flightsimulator\flightsimulator\gfxiiframework\gfxiiframework\debug\gfxiiframework.tlog\cl.write.1.tlog
d:\downloads\flightsimulator\flightsimulator\gfxiiframework\gfxiiframework\debug\gfxiiframework.tlog\link.command.1.tlog
d:\downloads\flightsimulator\flightsimulator\gfxiiframework\gfxiiframework\debug\gfxiiframework.tlog\link.read.1.tlog
d:\downloads\flightsimulator\flightsimulator\gfxiiframework\gfxiiframework\debug\gfxiiframework.tlog\link.write.1.tlog
d:\downloads\flightsimulator\flightsimulator\gfxiiframework\gfxiiframework\debug\gfxiiframework.tlog\rc.command.1.tlog
d:\downloads\flightsimulator\flightsimulator\gfxiiframework\gfxiiframework\debug\gfxiiframework.tlog\rc.read.1.tlog
d:\downloads\flightsimulator\flightsimulator\gfxiiframework\gfxiiframework\debug\gfxiiframework.tlog\rc.write.1.tlog
