d:\downloads\gfxiiframework\gfxiiframework\release\vc120.pdb
d:\downloads\gfxiiframework\gfxiiframework\release\vector3.obj
d:\downloads\gfxiiframework\gfxiiframework\release\triangle.obj
d:\downloads\gfxiiframework\gfxiiframework\release\oglwindow.obj
d:\downloads\gfxiiframework\gfxiiframework\release\ogltexture.obj
d:\downloads\gfxiiframework\gfxiiframework\release\oglshader.obj
d:\downloads\gfxiiframework\gfxiiframework\release\oglmesh.obj
d:\downloads\gfxiiframework\gfxiiframework\release\oglcube.obj
d:\downloads\gfxiiframework\gfxiiframework\release\objfilereader.obj
d:\downloads\gfxiiframework\gfxiiframework\release\imageio.obj
d:\downloads\gfxiiframework\gfxiiframework\release\gfxiiframework.obj
d:\downloads\gfxiiframework\gfxiiframework\release\baseapplication.obj
d:\downloads\gfxiiframework\release\gfxiiframework.exe
d:\downloads\gfxiiframework\release\gfxiiframework.pdb
d:\downloads\gfxiiframework\gfxiiframework\release\gfxiiframework.res
d:\downloads\gfxiiframework\gfxiiframework\release\gfxiiframework.tlog\cl.command.1.tlog
d:\downloads\gfxiiframework\gfxiiframework\release\gfxiiframework.tlog\cl.read.1.tlog
d:\downloads\gfxiiframework\gfxiiframework\release\gfxiiframework.tlog\cl.write.1.tlog
d:\downloads\gfxiiframework\gfxiiframework\release\gfxiiframework.tlog\link.command.1.tlog
d:\downloads\gfxiiframework\gfxiiframework\release\gfxiiframework.tlog\link.read.1.tlog
d:\downloads\gfxiiframework\gfxiiframework\release\gfxiiframework.tlog\link.write.1.tlog
d:\downloads\gfxiiframework\gfxiiframework\release\gfxiiframework.tlog\rc.command.1.tlog
d:\downloads\gfxiiframework\gfxiiframework\release\gfxiiframework.tlog\rc.read.1.tlog
d:\downloads\gfxiiframework\gfxiiframework\release\gfxiiframework.tlog\rc.write.1.tlog
